[    0.000000] Linux version 4.15.0-212-generic (buildd@lcy02-amd64-083) (gcc version 7.5.0 (Ubuntu 7.5.0-3ubuntu1~18.04)) #223-Ubuntu SMP Tue May 23 13:09:22 UTC 2023 (Ubuntu 4.15.0-212.223-generic 4.15.18)
[    0.000000] Command line: BOOT_IMAGE=/boot/vmlinuz-4.15.0-212-generic root=LABEL=cloudimg-rootfs ro console=tty1 console=ttyS0
[    0.000000] KERNEL supported cpus:
[    0.000000]   Intel GenuineIntel
[    0.000000]   AMD AuthenticAMD
[    0.000000]   Centaur CentaurHauls
[    0.000000] [Firmware Bug]: TSC doesn't count with P0 frequency!
[    0.000000] x86/fpu: Supporting XSAVE feature 0x001: 'x87 floating point registers'
[    0.000000] x86/fpu: Supporting XSAVE feature 0x002: 'SSE registers'
[    0.000000] x86/fpu: Supporting XSAVE feature 0x004: 'AVX registers'
[    0.000000] x86/fpu: xstate_offset[2]:  576, xstate_sizes[2]:  256
[    0.000000] x86/fpu: Enabled xstate features 0x7, context size is 832 bytes, using 'standard' format.
[    0.000000] e820: BIOS-provided physical RAM map:
[    0.000000] BIOS-e820: [mem 0x0000000000000000-0x000000000009fbff] usable
[    0.000000] BIOS-e820: [mem 0x000000000009fc00-0x000000000009ffff] reserved
[    0.000000] BIOS-e820: [mem 0x00000000000f0000-0x00000000000fffff] reserved
[    0.000000] BIOS-e820: [mem 0x0000000000100000-0x000000003ffeffff] usable
[    0.000000] BIOS-e820: [mem 0x000000003fff0000-0x000000003fffffff] ACPI data
[    0.000000] BIOS-e820: [mem 0x00000000fec00000-0x00000000fec00fff] reserved
[    0.000000] BIOS-e820: [mem 0x00000000fee00000-0x00000000fee00fff] reserved
[    0.000000] BIOS-e820: [mem 0x00000000fffc0000-0x00000000ffffffff] reserved
[    0.000000] NX (Execute Disable) protection: active
[    0.000000] SMBIOS 2.5 present.
[    0.000000] DMI: innotek GmbH VirtualBox/VirtualBox, BIOS VirtualBox 12/01/2006
[    0.000000] Hypervisor detected: KVM
[    0.000000] e820: last_pfn = 0x3fff0 max_arch_pfn = 0x400000000
[    0.000000] MTRR: Disabled
[    0.000000] x86/PAT: MTRRs disabled, skipping PAT initialization too.
[    0.000000] CPU MTRRs all blank - virtualized system.
[    0.000000] x86/PAT: Configuration [0-7]: WB  WT  UC- UC  WB  WT  UC- UC  
[    0.000000] found SMP MP-table at [mem 0x0009fff0-0x0009ffff]
[    0.000000] Scanning 1 areas for low memory corruption
[    0.000000] RAMDISK: [mem 0x359cb000-0x36cdcfff]
[    0.000000] ACPI: Early table checksum verification disabled
[    0.000000] ACPI: RSDP 0x00000000000E0000 000024 (v02 VBOX  )
[    0.000000] ACPI: XSDT 0x000000003FFF0030 00003C (v01 VBOX   VBOXXSDT 00000001 ASL  00000061)
[    0.000000] ACPI: FACP 0x000000003FFF00F0 0000F4 (v04 VBOX   VBOXFACP 00000001 ASL  00000061)
[    0.000000] ACPI: DSDT 0x000000003FFF0610 002353 (v02 VBOX   VBOXBIOS 00000002 INTL 20100528)
[    0.000000] ACPI: FACS 0x000000003FFF0200 000040
[    0.000000] ACPI: FACS 0x000000003FFF0200 000040
[    0.000000] ACPI: APIC 0x000000003FFF0240 00005C (v02 VBOX   VBOXAPIC 00000001 ASL  00000061)
[    0.000000] ACPI: SSDT 0x000000003FFF02A0 00036C (v01 VBOX   VBOXCPUT 00000002 INTL 20100528)
[    0.000000] ACPI: Reserving FACP table memory at [mem 0x3fff00f0-0x3fff01e3]
[    0.000000] ACPI: Reserving DSDT table memory at [mem 0x3fff0610-0x3fff2962]
[    0.000000] ACPI: Reserving FACS table memory at [mem 0x3fff0200-0x3fff023f]
[    0.000000] ACPI: Reserving FACS table memory at [mem 0x3fff0200-0x3fff023f]
[    0.000000] ACPI: Reserving APIC table memory at [mem 0x3fff0240-0x3fff029b]
[    0.000000] ACPI: Reserving SSDT table memory at [mem 0x3fff02a0-0x3fff060b]
[    0.000000] No NUMA configuration found
[    0.000000] Faking a node at [mem 0x0000000000000000-0x000000003ffeffff]
[    0.000000] NODE_DATA(0) allocated [mem 0x3ffc5000-0x3ffeffff]
[    0.000000] kvm-clock: cpu 0, msr 0:3ff44001, primary cpu clock
[    0.000000] kvm-clock: Using msrs 4b564d01 and 4b564d00
[    0.000000] kvm-clock: using sched offset of 3320741337 cycles
[    0.000000] clocksource: kvm-clock: mask: 0xffffffffffffffff max_cycles: 0x1cd42e4dffb, max_idle_ns: 881590591483 ns
[    0.000000] Zone ranges:
[    0.000000]   DMA      [mem 0x0000000000001000-0x0000000000ffffff]
[    0.000000]   DMA32    [mem 0x0000000001000000-0x000000003ffeffff]
[    0.000000]   Normal   empty
[    0.000000]   Device   empty
[    0.000000] Movable zone start for each node
[    0.000000] Early memory node ranges
[    0.000000]   node   0: [mem 0x0000000000001000-0x000000000009efff]
[    0.000000]   node   0: [mem 0x0000000000100000-0x000000003ffeffff]
[    0.000000] Reserved but unavailable: 104 pages
[    0.000000] Initmem setup node 0 [mem 0x0000000000001000-0x000000003ffeffff]
[    0.000000] ACPI: PM-Timer IO Port: 0x4008
[    0.000000] IOAPIC[0]: apic_id 2, version 32, address 0xfec00000, GSI 0-23
[    0.000000] ACPI: INT_SRC_OVR (bus 0 bus_irq 0 global_irq 2 dfl dfl)
[    0.000000] ACPI: INT_SRC_OVR (bus 0 bus_irq 9 global_irq 9 low level)
[    0.000000] Using ACPI (MADT) for SMP configuration information
[    0.000000] smpboot: Allowing 2 CPUs, 0 hotplug CPUs
[    0.000000] PM: Registered nosave memory: [mem 0x00000000-0x00000fff]
[    0.000000] PM: Registered nosave memory: [mem 0x0009f000-0x0009ffff]
[    0.000000] PM: Registered nosave memory: [mem 0x000a0000-0x000effff]
[    0.000000] PM: Registered nosave memory: [mem 0x000f0000-0x000fffff]
[    0.000000] e820: [mem 0x40000000-0xfebfffff] available for PCI devices
[    0.000000] Booting paravirtualized kernel on KVM
[    0.000000] clocksource: refined-jiffies: mask: 0xffffffff max_cycles: 0xffffffff, max_idle_ns: 7645519600211568 ns
[    0.000000] setup_percpu: NR_CPUS:8192 nr_cpumask_bits:2 nr_cpu_ids:2 nr_node_ids:1
[    0.000000] percpu: Embedded 50 pages/cpu s167936 r8192 d28672 u1048576
[    0.000000] PV qspinlock hash table entries: 256 (order: 0, 4096 bytes)
[    0.000000] Built 1 zonelists, mobility grouping on.  Total pages: 257913
[    0.000000] Policy zone: DMA32
[    0.000000] Kernel command line: BOOT_IMAGE=/boot/vmlinuz-4.15.0-212-generic root=LABEL=cloudimg-rootfs ro console=tty1 console=ttyS0
[    0.000000] Memory: 982644K/1048120K available (12300K kernel code, 2477K rwdata, 4324K rodata, 2480K init, 2720K bss, 65476K reserved, 0K cma-reserved)
[    0.000000] SLUB: HWalign=64, Order=0-3, MinObjects=0, CPUs=2, Nodes=1
[    0.000000] ftrace: allocating 39508 entries in 155 pages
[    0.004000] Hierarchical RCU implementation.
[    0.004000] 	RCU restricting CPUs from NR_CPUS=8192 to nr_cpu_ids=2.
[    0.004000] 	Tasks RCU enabled.
[    0.004000] RCU: Adjusting geometry for rcu_fanout_leaf=16, nr_cpu_ids=2
[    0.004000] NR_IRQS: 524544, nr_irqs: 440, preallocated irqs: 16
[    0.004000] random: crng init done
[    0.004000] Console: colour VGA+ 80x25
[    0.004000] console [tty1] enabled
[    0.004000] console [ttyS0] enabled
[    0.004000] ACPI: Core revision 20170831
[    0.004000] ACPI: 2 ACPI AML tables successfully acquired and loaded
[    0.004000] APIC: Switch to symmetric I/O mode setup
[    0.004000] x2apic enabled
[    0.004000] Switched APIC routing to physical x2apic.
[    0.004000] ..TIMER: vector=0x30 apic1=0 pin1=2 apic2=-1 pin2=-1
[    0.004000] tsc: Detected 1996.240 MHz processor
[    0.004000] Calibrating delay loop (skipped) preset value.. 3992.48 BogoMIPS (lpj=7984960)
[    0.004000] pid_max: default: 32768 minimum: 301
[    0.004000] Security Framework initialized
[    0.004000] Yama: becoming mindful.
[    0.004027] AppArmor: AppArmor initialized
[    0.005898] Dentry cache hash table entries: 131072 (order: 8, 1048576 bytes)
[    0.007039] Inode-cache hash table entries: 65536 (order: 7, 524288 bytes)
[    0.008018] Mount-cache hash table entries: 2048 (order: 2, 16384 bytes)
[    0.009065] Mountpoint-cache hash table entries: 2048 (order: 2, 16384 bytes)
[    0.010366] Last level iTLB entries: 4KB 1024, 2MB 1024, 4MB 512
[    0.011273] Last level dTLB entries: 4KB 1536, 2MB 1536, 4MB 768, 1GB 0
[    0.012005] Spectre V1 : Mitigation: usercopy/swapgs barriers and __user pointer sanitization
[    0.013994] Spectre V2 : Mitigation: Retpolines
[    0.015100] Spectre V2 : Spectre v2 / SpectreRSB mitigation: Filling RSB on context switch
[    0.016007] Spectre V2 : Spectre v2 / SpectreRSB : Filling RSB on VMEXIT
[    0.017248] RETBleed: Vulnerable
[    0.018072] Freeing SMP alternatives memory: 36K
[    0.130697] smpboot: CPU0: AMD Ryzen 5 PRO 2500U w/ Radeon Vega Mobile Gfx (family: 0x17, model: 0x11, stepping: 0x0)
[    0.132000] Performance Events: PMU not available due to virtualization, using software events only.
[    0.132000] Hierarchical SRCU implementation.
[    0.132871] NMI watchdog: Perf event create on CPU 0 failed with -2
[    0.133867] NMI watchdog: Perf NMI watchdog permanently disabled
[    0.134922] smp: Bringing up secondary CPUs ...
[    0.136101] x86: Booting SMP configuration:
[    0.136775] .... node  #0, CPUs:      #1
[    0.004000] kvm-clock: cpu 1, msr 0:3ff44041, secondary cpu clock
[    0.140030] smp: Brought up 1 node, 2 CPUs
[    0.140743] smpboot: Max logical packages: 1
[    0.141414] smpboot: Total of 2 processors activated (7984.96 BogoMIPS)
[    0.144166] devtmpfs: initialized
[    0.145048] x86/mm: Memory block size: 128MB
[    0.145048] evm: security.selinux
[    0.145048] evm: security.SMACK64
[    0.145337] evm: security.SMACK64EXEC
[    0.146056] evm: security.SMACK64TRANSMUTE
[    0.148009] evm: security.SMACK64MMAP
[    0.149116] evm: security.apparmor
[    0.150124] evm: security.ima
[    0.152004] evm: security.capability
[    0.152959] clocksource: jiffies: mask: 0xffffffff max_cycles: 0xffffffff, max_idle_ns: 7645041785100000 ns
[    0.156030] futex hash table entries: 512 (order: 3, 32768 bytes)
[    0.159242] pinctrl core: initialized pinctrl subsystem
[    0.160170] RTC time: 14:27:59, date: 12/15/23
[    0.161615] NET: Registered protocol family 16
[    0.162605] audit: initializing netlink subsys (disabled)
[    0.164117] audit: type=2000 audit(1702650483.960:1): state=initialized audit_enabled=0 res=1
[    0.166004] cpuidle: using governor ladder
[    0.168057] cpuidle: using governor menu
[    0.169464] ACPI: bus type PCI registered
[    0.169464] acpiphp: ACPI Hot Plug PCI Controller Driver version: 0.5
[    0.169793] PCI: Using configuration type 1 for base access
[    0.172004] PCI: Using configuration type 1 for extended access
[    0.172970] HugeTLB registered 2.00 MiB page size, pre-allocated 0 pages
[    0.176139] ACPI: Added _OSI(Module Device)
[    0.177055] ACPI: Added _OSI(Processor Device)
[    0.177055] ACPI: Added _OSI(3.0 _SCP Extensions)
[    0.177099] ACPI: Added _OSI(Processor Aggregator Device)
[    0.177973] ACPI: Added _OSI(Linux-Dell-Video)
[    0.178611] ACPI: Added _OSI(Linux-Lenovo-NV-HDMI-Audio)
[    0.180005] ACPI: Added _OSI(Linux-HPI-Hybrid-Graphics)
[    0.181104] ACPI: Executed 1 blocks of module-level executable AML code
[    0.186889] ACPI: Interpreter enabled
[    0.187696] ACPI: (supports S0 S5)
[    0.188000] ACPI: Using IOAPIC for interrupt routing
[    0.188422] PCI: Using host bridge windows from ACPI; if necessary, use "pci=nocrs" and report a bug
[    0.190205] ACPI: Enabled 2 GPEs in block 00 to 07
[    0.198649] ACPI: PCI Root Bridge [PCI0] (domain 0000 [bus 00-ff])
[    0.200019] acpi PNP0A03:00: _OSC: OS supports [ExtendedConfig ASPM ClockPM Segments MSI]
[    0.202428] acpi PNP0A03:00: _OSC: platform does not support [PCIeCapability]
[    0.204857] acpi PNP0A03:00: _OSC: not requesting control; platform does not support [PCIeCapability]
[    0.207105] acpi PNP0A03:00: _OSC: OS requested [PCIeHotplug PME AER PCIeCapability]
[    0.208018] acpi PNP0A03:00: _OSC: platform willing to grant [PCIeHotplug PME AER]
[    0.212016] acpi PNP0A03:00: _OSC failed (AE_SUPPORT); disabling ASPM
[    0.214618] PCI host bridge to bus 0000:00
[    0.216033] pci_bus 0000:00: root bus resource [io  0x0000-0x0cf7 window]
[    0.217824] pci_bus 0000:00: root bus resource [io  0x0d00-0xffff window]
[    0.219354] pci_bus 0000:00: root bus resource [mem 0x000a0000-0x000bffff window]
[    0.220025] pci_bus 0000:00: root bus resource [mem 0x40000000-0xfdffffff window]
[    0.222038] pci_bus 0000:00: root bus resource [bus 00-ff]
[    0.228220] pci 0000:00:01.1: legacy IDE quirk: reg 0x10: [io  0x01f0-0x01f7]
[    0.230669] pci 0000:00:01.1: legacy IDE quirk: reg 0x14: [io  0x03f6]
[    0.232046] pci 0000:00:01.1: legacy IDE quirk: reg 0x18: [io  0x0170-0x0177]
[    0.233891] pci 0000:00:01.1: legacy IDE quirk: reg 0x1c: [io  0x0376]
[    0.277712] pci 0000:00:07.0: quirk: [io  0x4000-0x403f] claimed by PIIX4 ACPI
[    0.279439] pci 0000:00:07.0: quirk: [io  0x4100-0x410f] claimed by PIIX4 SMB
[    0.290556] ACPI: PCI Interrupt Link [LNKA] (IRQs 5 9 10 *11)
[    0.292653] ACPI: PCI Interrupt Link [LNKB] (IRQs 5 9 *10 11)
[    0.294659] ACPI: PCI Interrupt Link [LNKC] (IRQs 5 *9 10 11)
[    0.296175] ACPI: PCI Interrupt Link [LNKD] (IRQs 5 9 10 *11)
[    0.298206] SCSI subsystem initialized
[    0.300143] pci 0000:00:02.0: vgaarb: setting as boot VGA device
[    0.301390] pci 0000:00:02.0: vgaarb: VGA device added: decodes=io+mem,owns=io+mem,locks=none
[    0.303448] pci 0000:00:02.0: vgaarb: bridge control possible
[    0.304008] vgaarb: loaded
[    0.304722] ACPI: bus type USB registered
[    0.305658] usbcore: registered new interface driver usbfs
[    0.308014] usbcore: registered new interface driver hub
[    0.309365] usbcore: registered new device driver usb
[    0.312053] EDAC MC: Ver: 3.0.0
[    0.313247] PCI: Using ACPI for IRQ routing
[    0.313380] NetLabel: Initializing
[    0.314000] NetLabel:  domain hash size = 128
[    0.316008] NetLabel:  protocols = UNLABELED CIPSOv4 CALIPSO
[    0.317959] NetLabel:  unlabeled traffic allowed by default
[    0.320106] clocksource: Switched to clocksource kvm-clock
[    0.338128] VFS: Disk quotas dquot_6.6.0
[    0.338959] VFS: Dquot-cache hash table entries: 512 (order 0, 4096 bytes)
[    0.340978] AppArmor: AppArmor Filesystem Enabled
[    0.342003] pnp: PnP ACPI init
[    0.344323] pnp: PnP ACPI: found 3 devices
[    0.354618] clocksource: acpi_pm: mask: 0xffffff max_cycles: 0xffffff, max_idle_ns: 2085701024 ns
[    0.357270] NET: Registered protocol family 2
[    0.359594] IP idents hash table entries: 16384 (order: 5, 131072 bytes)
[    0.361885] TCP established hash table entries: 8192 (order: 4, 65536 bytes)
[    0.363584] TCP bind hash table entries: 8192 (order: 5, 131072 bytes)
[    0.365014] TCP: Hash tables configured (established 8192 bind 8192)
[    0.366151] UDP hash table entries: 512 (order: 2, 16384 bytes)
[    0.367072] UDP-Lite hash table entries: 512 (order: 2, 16384 bytes)
[    0.368300] NET: Registered protocol family 1
[    0.369056] pci 0000:00:00.0: Limiting direct PCI/PCI transfers
[    0.369975] pci 0000:00:01.0: Activating ISA DMA hang workarounds
[    0.370971] pci 0000:00:02.0: Video device with shadowed ROM at [mem 0x000c0000-0x000dffff]
[    0.372525] Unpacking initramfs...
[    0.706790] Freeing initrd memory: 19528K
[    0.707753] clocksource: tsc: mask: 0xffffffffffffffff max_cycles: 0x398c9cdeefa, max_idle_ns: 881590591131 ns
[    0.709359] platform rtc_cmos: registered platform RTC device (no PNP device found)
[    0.710958] Scanning for low memory corruption every 60 seconds
[    0.713642] Initialise system trusted keyrings
[    0.715148] Key type blacklist registered
[    0.717084] workingset: timestamp_bits=36 max_order=18 bucket_order=0
[    0.719923] zbud: loaded
[    0.721473] squashfs: version 4.0 (2009/01/31) Phillip Lougher
[    0.722879] fuse init (API version 7.26)
[    0.727608] Key type asymmetric registered
[    0.729124] Asymmetric key parser 'x509' registered
[    0.730535] Block layer SCSI generic (bsg) driver version 0.4 loaded (major 246)
[    0.732584] io scheduler noop registered
[    0.733658] io scheduler deadline registered
[    0.734845] io scheduler cfq registered (default)
[    0.735966] ACPI: AC Adapter [AC] (on-line)
[    0.736720] input: Power Button as /devices/LNXSYSTM:00/LNXPWRBN:00/input/input0
[    0.737942] ACPI: Power Button [PWRF]
[    0.738664] input: Sleep Button as /devices/LNXSYSTM:00/LNXSLPBN:00/input/input1
[    0.739807] ACPI: Sleep Button [SLPF]
[    0.740873] Serial: 8250/16550 driver, 32 ports, IRQ sharing enabled
[    0.741479] ACPI: Battery Slot [BAT0] (battery present)
[    0.764990] 00:02: ttyS0 at I/O 0x3f8 (irq = 4, base_baud = 115200) is a 16550A
[    0.770606] Linux agpgart interface v0.103
[    0.775248] loop: module loaded
[    0.776757] scsi host0: ata_piix
[    0.778224] scsi host1: ata_piix
[    0.779439] ata1: PATA max UDMA/33 cmd 0x1f0 ctl 0x3f6 bmdma 0xd000 irq 14
[    0.780598] ata2: PATA max UDMA/33 cmd 0x170 ctl 0x376 bmdma 0xd008 irq 15
[    0.782597] tun: Universal TUN/TAP device driver, 1.6
[    0.784103] PPP generic driver version 2.4.2
[    0.785432] ehci_hcd: USB 2.0 'Enhanced' Host Controller (EHCI) Driver
[    0.786605] ehci-pci: EHCI PCI platform driver
[    0.787676] ehci-platform: EHCI generic platform driver
[    0.789068] ohci_hcd: USB 1.1 'Open' Host Controller (OHCI) Driver
[    0.790641] ohci-pci: OHCI PCI platform driver
[    0.791911] ohci-platform: OHCI generic platform driver
[    0.793399] uhci_hcd: USB Universal Host Controller Interface driver
[    0.795251] i8042: PNP: PS/2 Controller [PNP0303:PS2K,PNP0f03:PS2M] at 0x60,0x64 irq 1,12
[    0.797535] serio: i8042 KBD port at 0x60,0x64 irq 1
[    0.798380] serio: i8042 AUX port at 0x60,0x64 irq 12
[    0.799446] mousedev: PS/2 mouse device common for all mice
[    0.800846] input: AT Translated Set 2 keyboard as /devices/platform/i8042/serio0/input/input2
[    0.802604] rtc_cmos rtc_cmos: rtc core: registered rtc_cmos as rtc0
[    0.803729] rtc_cmos rtc_cmos: alarms up to one day, 114 bytes nvram
[    0.804690] i2c /dev entries driver
[    0.805399] device-mapper: uevent: version 1.0.3
[    0.806267] device-mapper: ioctl: 4.37.0-ioctl (2017-09-20) initialised: dm-devel@redhat.com
[    0.807583] ledtrig-cpu: registered to indicate activity on CPUs
[    0.809461] NET: Registered protocol family 10
[    0.817431] Segment Routing with IPv6
[    0.818575] NET: Registered protocol family 17
[    0.819838] Key type dns_resolver registered
[    0.821090] mce: Using 0 MCE banks
[    0.821929] RAS: Correctable Errors collector initialized.
[    0.822773] sched_clock: Marking stable (821045250, 0)->(999043122, -177997872)
[    0.824537] registered taskstats version 1
[    0.825242] Loading compiled-in X.509 certificates
[    0.829122] Loaded X.509 cert 'Build time autogenerated kernel key: b5b26778eaa3ab3a4a6cee031137706e947d12ad'
[    0.832571] Loaded X.509 cert 'Canonical Ltd. Live Patch Signing: 14df34d1a87cf37625abec039ef2bf521249b969'
[    0.834759] Loaded X.509 cert 'Canonical Ltd. Kernel Module Signing: 88f752e560a1e0737e31163a466ad7b70a850c19'
[    0.836288] blacklist: Loading compiled-in revocation X.509 certificates
[    0.837281] Loaded X.509 cert 'Canonical Ltd. Secure Boot Signing: 61482aa2830d0ab2ad5af10b7250da9033ddcef0'
[    0.838723] Loaded X.509 cert 'Canonical Ltd. Secure Boot Signing (2017): 242ade75ac4a15e50d50c84b0d45ff3eae707a03'
[    0.840262] Loaded X.509 cert 'Canonical Ltd. Secure Boot Signing (ESM 2018): 365188c1d374d6b07c3c8f240f8ef722433d6a8b'
[    0.841820] Loaded X.509 cert 'Canonical Ltd. Secure Boot Signing (2019): c0746fd6c5da3ae827864651ad66ae47fe24b3e8'
[    0.845005] Loaded X.509 cert 'Canonical Ltd. Secure Boot Signing (2021 v1): a8d54bbb3825cfb94fa13c9f8a594a195c107b8d'
[    0.847726] Loaded X.509 cert 'Canonical Ltd. Secure Boot Signing (2021 v2): 4cf046892d6fd3c9a5b03f98d845f90851dc6a8c'
[    0.850067] Loaded X.509 cert 'Canonical Ltd. Secure Boot Signing (2021 v3): 100437bb6de6e469b581e61cd66bce3ef4ed53af'
[    0.852069] Loaded X.509 cert 'Canonical Ltd. Secure Boot Signing (Ubuntu Core 2019): c1d57b8f6b743f23ee41f4f7ee292f06eecadfb9'
[    0.853910] zswap: loaded using pool lzo/zbud
[    0.858711] Key type big_key registered
[    0.859410] Key type trusted registered
[    0.863147] Key type encrypted registered
[    0.864500] AppArmor: AppArmor sha1 policy hashing enabled
[    0.865825] ima: No TPM chip found, activating TPM-bypass! (rc=-19)
[    0.867210] ima: Allocated hash algorithm: sha1
[    0.868193] evm: HMAC attrs: 0x1
[    0.868983]   Magic number: 3:575:485
[    0.869697] rtc_cmos rtc_cmos: setting system clock to 2023-12-15 14:28:00 UTC (1702650480)
[    0.871772] BIOS EDD facility v0.16 2004-Jun-25, 0 devices found
[    0.872717] EDD information not available.
[    0.970735] Freeing unused kernel image memory: 2480K
[    0.981590] Write protecting the kernel read-only data: 20480k
[    0.986864] Freeing unused kernel image memory: 2008K
[    0.988931] Freeing unused kernel image memory: 1820K
[    1.001338] x86/mm: Checked W+X mappings: passed, no W+X pages found.
Loading, please wait...
starting version 237
[    1.090983] Fusion MPT base driver 3.04.20
[    1.091949] Copyright (c) 1999-2008 LSI Corporation
[    1.093254] e1000: Intel(R) PRO/1000 Network Driver - version 7.3.21-k8-NAPI
[    1.094833] e1000: Copyright (c) 1999-2006 Intel Corporation.
[    1.103457] Fusion MPT SPI Host driver 3.04.20
[    1.126598] AVX2 version of gcm_enc/dec engaged.
[    1.127598] AES CTR mode by8 optimization enabled
[    1.311929] input: ImExPS/2 Generic Explorer Mouse as /devices/platform/i8042/serio1/input/input4
[    1.502307] e1000 0000:00:03.0 eth0: (PCI:33MHz:32-bit) 02:3b:7b:b7:3b:2d
[    1.503513] e1000 0000:00:03.0 eth0: Intel(R) PRO/1000 Network Connection
[    1.506152] mptbase: ioc0: Initiating bringup
[    1.506524] e1000 0000:00:03.0 enp0s3: renamed from eth0
[    1.885606] ioc0: LSI53C1030 A0: Capabilities={Initiator}
[    2.127232] scsi host2: ioc0: LSI53C1030 A0, FwRev=00000000h, Ports=1, MaxQ=256, IRQ=20
[    2.632485] scsi 2:0:0:0: Direct-Access     VBOX     HARDDISK         1.0  PQ: 0 ANSI: 5
[    2.726693] scsi target2:0:0: Beginning Domain Validation
[    2.729069] scsi target2:0:0: Domain Validation skipping write tests
[    2.730219] scsi target2:0:0: Ending Domain Validation
[    2.731219] scsi target2:0:0: asynchronous
[    2.732606] scsi 2:0:1:0: Direct-Access     VBOX     HARDDISK         1.0  PQ: 0 ANSI: 5
[    3.504494] scsi target2:0:1: Beginning Domain Validation
[    3.507555] scsi target2:0:1: Domain Validation skipping write tests
[    3.508705] scsi target2:0:1: Ending Domain Validation
[    3.509728] scsi target2:0:1: asynchronous
[    3.516269] sd 2:0:0:0: Attached scsi generic sg0 type 0
[    3.517495] sd 2:0:0:0: [sda] 83886080 512-byte logical blocks: (42.9 GB/40.0 GiB)
[    3.517881] sd 2:0:1:0: [sdb] 20480 512-byte logical blocks: (10.5 MB/10.0 MiB)
[    3.519411] sd 2:0:1:0: Attached scsi generic sg1 type 0
[    3.520219] sd 2:0:0:0: [sda] Write Protect is off
[    3.521539] sd 2:0:1:0: [sdb] Write Protect is off
[    3.523247] sd 2:0:0:0: [sda] Incomplete mode parameter data
[    3.523255] sd 2:0:1:0: [sdb] Incomplete mode parameter data
[    3.524022] sd 2:0:0:0: [sda] Assuming drive cache: write through
[    3.526500] sd 2:0:1:0: [sdb] Assuming drive cache: write through
[    3.529323]  sda: sda1
[    3.530778] sd 2:0:0:0: [sda] Attached SCSI disk
[    3.531528] sd 2:0:1:0: [sdb] Attached SCSI disk
Begin: Loading essential drivers ... [    4.976088] raid6: sse2x1   gen()  6370 MB/s
[    5.024230] raid6: sse2x1   xor()  6701 MB/s
[    5.072510] raid6: sse2x2   gen() 14320 MB/s
[    5.120302] raid6: sse2x2   xor()  8932 MB/s
[    5.168535] raid6: sse2x4   gen() 14028 MB/s
[    5.216536] raid6: sse2x4   xor()  7476 MB/s
[    5.264499] raid6: avx2x1   gen() 13990 MB/s
[    5.312333] raid6: avx2x1   xor()  7962 MB/s
[    5.360463] raid6: avx2x2   gen() 16560 MB/s
[    5.408156] raid6: avx2x2   xor() 12303 MB/s
[    5.456764] raid6: avx2x4   gen() 19768 MB/s
[    5.504139] raid6: avx2x4   xor() 10162 MB/s
[    5.505315] raid6: using algorithm avx2x4 gen() 19768 MB/s
[    5.506814] raid6: .... xor() 10162 MB/s, rmw enabled
[    5.508387] raid6: using avx2x2 recovery algorithm
[    5.511674] xor: automatically using best checksumming function   avx       
[    5.514956] async_tx: api initialized (async)
done.
Begin: Running /scripts/init-premount ... done.
Begin: Mounting root file system ... Begin: Running /scripts/local-top ... done.
Begin: Running /scripts/local-premount ... [    5.559789] Btrfs loaded, crc32c=crc32c-intel
Scanning for Btrfs filesystems
done.
Warning: fsck not present, so skipping root file system
[    5.594685] EXT4-fs (sda1): mounted filesystem with ordered data mode. Opts: (null)
done.
Begin: Running /scripts/local-bottom ... done.
Begin: Running /scripts/init-bottom ... done.
[    5.778893] ip_tables: (C) 2000-2006 Netfilter Core Team
[    5.792794] systemd[1]: systemd 237 running in system mode. (+PAM +AUDIT +SELINUX +IMA +APPARMOR +SMACK +SYSVINIT +UTMP +LIBCRYPTSETUP +GCRYPT +GNUTLS +ACL +XZ +LZ4 +SECCOMP +BLKID +ELFUTILS +KMOD -IDN2 +IDN -PCRE2 default-hierarchy=hybrid)
[    5.796154] systemd[1]: Detected virtualization oracle.
[    5.797004] systemd[1]: Detected architecture x86-64.

Welcome to [1mUbuntu 18.04.6 LTS[0m!

[    5.816773] systemd[1]: Set hostname to <ubuntu>.
[    5.820599] systemd[1]: Initializing machine ID from random generator.
[    5.822003] systemd[1]: Installed transient /etc/machine-id file.
[    6.111509] systemd[1]: Created slice User and Session Slice.
[[0;32m  OK  [0m] Created slice User and Session Slice.
[    6.113597] systemd[1]: Reached target Swap.
[[0;32m  OK  [0m] Reached target Swap.
[    6.115540] systemd[1]: Created slice System Slice.
[[0;32m  OK  [0m] Created slice System Slice.
[    6.117334] systemd[1]: Listening on Syslog Socket.
[[0;32m  OK  [0m] Listening on Syslog Socket.
[[0;32m  OK  [0m] Listening on Device-mapper event daemon FIFOs.
[[0;32m  OK  [0m] Listening on LVM2 metadata daemon socket.
[[0;32m  OK  [0m] Listening on fsck to fsckd communication Socket.
[[0;32m  OK  [0m] Listening on Journal Socket.
         Mounting Kernel Debug File System...
         Starting Create list of required st…ce nodes for the current kernel...
         Mounting Huge Pages File System...
         Starting Set the console keyboard layout...
         Starting Uncomplicated firewall...
[[0;32m  OK  [0m] Reached target Mounting snaps.
[[0;32m  OK  [0m] Listening on Network Service Netlink Socket.
[[0;32m  OK  [0m] Created slice system-serial\x2dgetty.slice.
[[0;32m  OK  [0m] Listening on udev Control Socket.
[[0;32m  OK  [0m] Started Forward Password Requests to Wall Directory Watch.
[[0;32m  OK  [0m] Reached target Slices.
[[0;32m  OK  [0m] Listening on /dev/initctl Compatibility Named Pipe.
[[0;32m  OK  [0m] Listening on udev Kernel Socket.
[[0;32m  OK  [0m] Listening on Journal Socket (/dev/log).
[[0;32m  OK  [0m] Listening on Journal Audit Socket.
         Starting Journal Service...
         Mounting POSIX Message Queue File System...
         Starting Monitoring of LVM2 mirrors…ng dmeventd or progress polling...
         Starting udev Coldplug all Devices...
[[0;32m  OK  [0m] Set up automount Arbitrary Executab…rmats File System Automount Point.
         Starting Load Kernel Modules...
         Starting File System Check on Root Device...
[[0;32m  OK  [0m] Reached target User and Group Name Lookups.
[[0;32m  OK  [0m] Listening on LVM2 poll daemon socket.
[[0;32m  OK  [0m] Reached target Mounted snaps.
[[0;32m  OK  [0m] Reached target System Time Synchronized.
[[0;32m  OK  [0m] Started Journal Service.
[[0;32m  OK  [0m] Mounted Kernel Debug File System.
[[0;32m  OK  [0m] Started Create list of required sta…vice nodes for the current kernel.
[[0;32m  OK  [0m] Mounted Huge Pages File System.
[[0;32m  OK  [0m] Started Uncomplicated firewall.
[[0;32m  OK  [0m] Mounted POSIX Message Queue File System.
[[0;32m  OK  [0m] Started LVM2 metadata daemon.
         Starting Create Static Device Nodes in /dev...
[    6.277544] Loading iSCSI transport class v2.0-870.
[    6.290150] iscsi: registered transport (tcp)
[[0;32m  OK  [0m] Started udev Coldplug all Devices.
[[0;32m  OK  [0m] Started File System Check Daemon to report status.
[[0;32m  OK  [0m] Started Create Static Device Nodes in /dev.
[[0;32m  OK  [0m] Started File System Check on Root Device.
[    6.367089] iscsi: registered transport (iser)
[[0;32m  OK  [0m] Started Load Kernel Modules.
         Mounting FUSE Control File System...
         Mounting Kernel Configuration File System...
         Starting Apply Kernel Variables...
         Starting Remount Root and Kernel File Systems...
[[0;32m  OK  [0m] Mounted FUSE Control File System.
[[0;32m  OK  [0m] Mounted Kernel Configuration File System.
[[0;32m  OK  [0m] Started Monitoring of LVM2 mirrors,…sing dmeventd or progress polling.
[[0;32m  OK  [0m] Started Apply Kernel Variables.
[[0;32m  OK  [0m] Started Remount Root and Kernel File Systems.
         Starting Flush Journal to Persistent Storage...
         Starting udev Kernel Device Manager...
         Starting Load/Save Random Seed...
[[0;32m  OK  [0m] Started Load/Save Random Seed.
[[0;32m  OK  [0m] Started udev Kernel Device Manager.
[[0;32m  OK  [0m] Started Flush Journal to Persistent Storage.
[[0;32m  OK  [0m] Found device /dev/ttyS0.
[[0;32m  OK  [0m] Listening on Load/Save RF Kill Switch Status /dev/rfkill Watch.
         Mounting Arbitrary Executable File Formats File System...
[[0;32m  OK  [0m] Mounted Arbitrary Executable File Formats File System.
[[0;32m  OK  [0m] Started Set the console keyboard layout.
[[0;32m  OK  [0m] Started Dispatch Password Requests to Console Directory Watch.
[[0;32m  OK  [0m] Reached target Local Encrypted Volumes.
[[0;32m  OK  [0m] Reached target Local File Systems (Pre).
[[0;32m  OK  [0m] Reached target Local File Systems.
         Starting AppArmor initialization...
         Starting Commit a transient machine-id on disk...
         Starting ebtables ruleset management...
         Starting Create Volatile Files and Directories...
         Starting Set console font and keymap...
         Starting Tell Plymouth To Write Out Runtime Data...
[[0;32m  OK  [0m] Started Tell Plymouth To Write Out Runtime Data.
[[0;32m  OK  [0m] Started Create Volatile Files and Directories.
         Starting Update UTMP about System Boot/Shutdown...
[[0;32m  OK  [0m] Started Update UTMP about System Boot/Shutdown.
[[0;32m  OK  [0m] Started Commit a transient machine-id on disk.
[[0;32m  OK  [0m] Started ebtables ruleset management.
[[0;32m  OK  [0m] Started Set console font and keymap.
[[0;32m  OK  [0m] Started AppArmor initialization.
         Starting Load AppArmor profiles managed internally by snapd...
         Starting Initial cloud-init job (pre-networking)...
[[0;32m  OK  [0m] Started Load AppArmor profiles managed internally by snapd.
[    9.726472] cloud-init[801]: Cloud-init v. 23.1.2-0ubuntu0~18.04.1 running 'init-local' at Fri, 15 Dec 2023 14:28:08 +0000. Up 9.35 seconds.
[[0;32m  OK  [0m] Started Initial cloud-init job (pre-networking).
[[0;32m  OK  [0m] Reached target Network (Pre).
         Starting Network Service...
[[0;32m  OK  [0m] Started Network Service.
         Starting Network Name Resolution...
         Starting Wait for Network to be Configured...
[[0;32m  OK  [0m] Started Network Name Resolution.
[[0;32m  OK  [0m] Reached target Network.
[[0;32m  OK  [0m] Reached target Host and Network Name Lookups.
[[0;32m  OK  [0m] Started Wait for Network to be Configured.
         Starting Initial cloud-init job (metadata service crawler)...
[   11.797738] cloud-init[923]: Cloud-init v. 23.1.2-0ubuntu0~18.04.1 running 'init' at Fri, 15 Dec 2023 14:28:11 +0000. Up 11.64 seconds.
[   11.799610] cloud-init[923]: ci-info: ++++++++++++++++++++++++++++++++++++++Net device info++++++++++++++++++++++++++++++++++++++
[   11.801668] cloud-init[923]: ci-info: +--------+------+----------------------------+---------------+--------+-------------------+
[   11.803291] cloud-init[923]: ci-info: | Device |  Up  |          Address           |      Mask     | Scope  |     Hw-Address    |
[   11.804495] cloud-init[923]: ci-info: +--------+------+----------------------------+---------------+--------+-------------------+
[   11.805903] cloud-init[923]: ci-info: | enp0s3 | True |         10.0.2.15          | 255.255.255.0 | global | 02:3b:7b:b7:3b:2d |
[   11.807243] cloud-init[923]: ci-info: | enp0s3 | True | fe80::3b:7bff:feb7:3b2d/64 |       .       |  link  | 02:3b:7b:b7:3b:2d |
[   11.809806] cloud-init[923]: ci-info: |   lo   | True |         127.0.0.1          |   255.0.0.0   |  host  |         .         |
[   11.810877] cloud-init[923]: ci-info: |   lo   | True |          ::1/128           |       .       |  host  |         .         |
[   11.811931] cloud-init[923]: ci-info: +--------+------+----------------------------+---------------+--------+-------------------+
[   11.813259] cloud-init[923]: ci-info: ++++++++++++++++++++++++++++Route IPv4 info+++++++++++++++++++++++++++++
[   11.814595] cloud-init[923]: ci-info: +-------+-------------+----------+-----------------+-----------+-------+
[   11.816672] cloud-init[923]: ci-info: | Route | Destination | Gateway  |     Genmask     | Interface | Flags |
[   11.818969] cloud-init[923]: ci-info: +-------+-------------+----------+-----------------+-----------+-------+
[   11.828446] cloud-init[923]: ci-info: |   0   |   0.0.0.0   | 10.0.2.2 |     0.0.0.0     |   enp0s3  |   UG  |
[   11.832087] cloud-init[923]: ci-info: |   1   |   10.0.2.0  | 0.0.0.0  |  255.255.255.0  |   enp0s3  |   U   |
[   11.834147] cloud-init[923]: ci-info: |   2   |   10.0.2.2  | 0.0.0.0  | 255.255.255.255 |   enp0s3  |   UH  |
[   11.836580] cloud-init[923]: ci-info: +-------+-------------+----------+-----------------+-----------+-------+
[   11.838800] cloud-init[923]: ci-info: +++++++++++++++++++Route IPv6 info+++++++++++++++++++
[   11.840987] cloud-init[923]: ci-info: +-------+-------------+---------+-----------+-------+
[   11.842373] cloud-init[923]: ci-info: | Route | Destination | Gateway | Interface | Flags |
[   11.843688] cloud-init[923]: ci-info: +-------+-------------+---------+-----------+-------+
[   11.845169] cloud-init[923]: ci-info: |   1   |  fe80::/64  |    ::   |   enp0s3  |   U   |
[   11.846911] cloud-init[923]: ci-info: |   3   |    local    |    ::   |   enp0s3  |   U   |
[   11.848451] cloud-init[923]: ci-info: |   4   |   ff00::/8  |    ::   |   enp0s3  |   U   |
[   11.850129] cloud-init[923]: ci-info: +-------+-------------+---------+-----------+-------+
[   13.203000] cloud-init[923]: Generating public/private rsa key pair.
[   13.204761] cloud-init[923]: Your identification has been saved in /etc/ssh/ssh_host_rsa_key.
[   13.207087] cloud-init[923]: Your public key has been saved in /etc/ssh/ssh_host_rsa_key.pub.
[   13.208744] cloud-init[923]: The key fingerprint is:
[   13.209855] cloud-init[923]: SHA256:3reqSCF2HjNWdUo8z/OpX4aY1usrw3mH8DNiGPfYbkI root@ubuntu-bionic
[   13.211641] cloud-init[923]: The key's randomart image is:
[   13.213559] cloud-init[923]: +---[RSA 2048]----+
[   13.215072] cloud-init[923]: |         .o .    |
[   13.216145] cloud-init[923]: |         ooo     |
[   13.217074] cloud-init[923]: |        . .+     |
[   13.228340] cloud-init[923]: |       .    +    |
[   13.229474] cloud-init[923]: |    o B S    o . |
[   13.230802] cloud-init[923]: |   . = * .. E+o. |
[   13.231854] cloud-init[923]: |      o . .*=Oo.o|
[   13.233079] cloud-init[923]: |     . .  .o@.X+.|
[   13.234175] cloud-init[923]: |      . ...o.@*= |
[   13.235750] cloud-init[923]: +----[SHA256]-----+
[   13.237235] cloud-init[923]: Generating public/private dsa key pair.
[   13.238563] cloud-init[923]: Your identification has been saved in /etc/ssh/ssh_host_dsa_key.
[   13.239988] cloud-init[923]: Your public key has been saved in /etc/ssh/ssh_host_dsa_key.pub.
[   13.241462] cloud-init[923]: The key fingerprint is:
[   13.242208] cloud-init[923]: SHA256:z2mpAlBz6WullcMT+9zy3kLM0KcPEJRflQk71dWYzlE root@ubuntu-bionic
[   13.243369] cloud-init[923]: The key's randomart image is:
[   13.244147] cloud-init[923]: +---[DSA 1024]----+
[   13.256366] cloud-init[923]: |       . ... ..*E|
[   13.257433] cloud-init[923]: |    o o . o   Boo|
[   13.258794] cloud-init[923]: |   . + . + + * . |
[   13.268653] cloud-init[923]: |  .   . O o o =  |
[   13.270167] cloud-init[923]: |   .   =S= * o   |
[   13.271552] cloud-init[923]: |    . +  o+oB    |
[   13.273281] cloud-init[923]: |     o    *+ o   |
[   13.274420] cloud-init[923]: |      .  o  o..  |
[   13.275734] cloud-init[923]: |       ..  ....  |
[   13.277141] cloud-init[923]: +----[SHA256]-----+
[   13.278219] cloud-init[923]: Generating public/private ecdsa key pair.
[   13.279613] cloud-init[923]: Your identification has been saved in /etc/ssh/ssh_host_ecdsa_key.
[   13.281228] cloud-init[923]: Your public key has been saved in /etc/ssh/ssh_host_ecdsa_key.pub.
[   13.282886] cloud-init[923]: The key fingerprint is:
[   13.283898] cloud-init[923]: SHA256:SRj+36pYeOFakN0c8jCQBmBwLTj/68fq0N48daZCrE0 root@ubuntu-bionic
[[0;32m  OK  [0m] Started Initial cloud-init job (metadata service crawler).
[   13.296469] cloud-init[923]: The key's randomart image is:[[0;32m  OK  [0m] Reached target System Initialization.
[[0;32m  OK  [0m] Listening on Open-iSCSI iscsid Socket.
[[0;32m  OK  [0m] Started Ubuntu Advantage Timer for running repeated jobs.

         Starting Socket activation for snappy daemon.
[[0;32m  OK  [0m] Started Daily Cleanup of Temporary Directories.
[[0;32m  OK  [0m] Listening on D-Bus System Message Bus Socket.
[[0;32m  OK  [0m[   13.303894] cloud-init[923]: +---[ECDSA 256]---+
[   13.304022] cloud-init[923]: |.o+o..o.         |
[   13.304588] cloud-init[923]: |oo. ..o+         |
[   13.305175] cloud-init[923]: | o . .o = .      |
[   13.305528] cloud-init[923]: |  .    = O .     |
[   13.306103] cloud-init[923]: |   . .o S +      |
[   13.306717] cloud-init[923]: |   .. E+.oo.     |
[   13.307463] cloud-init[923]: |  . .B..=+. .    |
[   13.307738] cloud-init[923]: |   ooo**.  .     |
[   13.308372] cloud-init[923]: |   o=o=o...      |
[   13.308854] cloud-init[923]: +----[SHA256]-----+
[   13.309230] cloud-init[923]: Generating public/private ed25519 key pair.
[   13.310120] cloud-init[923]: Your identification has been saved in /etc/ssh/ssh_host_ed25519_key.
[   13.310934] cloud-init[923]: Your public key has been saved in /etc/ssh/ssh_host_ed25519_key.pub.
[   13.311314] cloud-init[923]: The key fingerprint is:
[   13.311697] cloud-init[923]: SHA256:rIwhXsVkAr8E9zfr/Q1NXdgCvL9hKAcdPCwmYLmxo8E root@ubuntu-bionic
[   13.313234] cloud-init[923]: The key's randomart image is:
[   13.313914] cloud-init[923]: +--[ED25519 256]--+
[   13.313976] cloud-init[923]: |  o.o =o   +.    |
] Listening on UUID daemon activation socket.[   13.315436] cloud-init[923]: |   + Bo . o *. o |
[   13.315846] 
[[0;32m  OK  [0m] Listening on cloud-init hotplug hook socket.
         Starting LXD - unix socket.
[[0;32m  OK  [0m] Started Daily apt download activities.
[[0;32m  OK  [0m] Started Daily apt upgrade and clean activities.cloud-init[923]: |   .o ++oo o +o o|

[   13.322158] cloud-init[923]: |   .Eo+o o. o  o.|
[   13.323044] cloud-init[923]: |  . +o .S  . o. .|
[[   13.323733] cloud-init[923]: | . o.+ o .. oo+  |
[   13.323817] cloud-init[923]: |  . . o . .o...o |
[0;32m  OK  [0m] Started Discard unused blocks once a week.
[   13.323885] cloud-init[923]: |           . o.  |
[   13.326401] cloud-init[923]: |            . .  |
[   13.326474] cloud-init[923]: +----[SHA256]-----+
[[0;32m  OK  [0m] Started Message of the Day.
[[0;32m  OK  [0m] Reached target Timers.
[[0;32m  OK  [0m] Started ACPI Events Check.
[[0;32m  OK  [0m] Reached target Paths.
[[0;32m  OK  [0m] Listening on ACPID Listen Socket.
[[0;32m  OK  [0m] Reached target Network is Online.
[[0;32m  OK  [0m] Reached target Remote File Systems (Pre).
[[0;32m  OK  [0m] Reached target Remote File Systems.
         Starting Availability of block devices...
[[0;32m  OK  [0m] Reached target Cloud-config availability.
[[0;32m  OK  [0m] Listening on Socket activation for snappy daemon.
[[0;32m  OK  [0m] Listening on LXD - unix socket.
[[0;32m  OK  [0m] Started Availability of block devices.
[[0;32m  OK  [0m] Reached target Sockets.
[[0;32m  OK  [0m] Reached target Basic System.
[[0;32m  OK  [0m] Started irqbalance daemon.
         Starting Virtualbox guest utils...
[[0;32m  OK  [0m] Started Regular background program processing daemon.
         Starting Accounts Service...
[[0;32m  OK  [0m] Started D-Bus System Message Bus.
         Starting Dispatcher daemon for systemd-networkd...
         Starting System Logging Service...
[[0;32m  OK  [0m] Started Deferred execution scheduler.
         Starting LSB: Record successful boot for GRUB...
         Starting Login Service...
[[0;32m  OK  [0m] Started FUSE filesystem for LXC.
         Starting Pollinate to seed the pseudo random number generator...
         Starting Snap Daemon...
         Starting Permit User Sessions...
[[0;32m  OK  [0m] Reached target Login Prompts (Pre).
         Starting LXD - container startup/shutdown...
         Starting LSB: automatic crash report generation...
[[0;32m  OK  [0m] Started System Logging Service.
[[0;32m  OK  [0m] Started Permit User Sessions.
[[0;32m  OK  [0m] Started Login Service.
[[0;32m  OK  [0m] Started Unattended Upgrades Shutdown.
         Starting Terminate Plymouth Boot Screen...
         Starting Hold until boot process finishes up...
         Starting Authorization Manager...
[[0;32m  OK  [0m] Started Terminate Plymouth Boot Screen.
[[0;32m  OK  [0m] Started Hold until boot process finishes up.
         Starting Set console scheme...
[[0;32m  OK  [0m] Started Serial Getty on ttyS0.
[[0;32m  OK  [0m] Started Authorization Manager.
[[0;32m  OK  [0m] Started Accounts Service.
[[0;32m  OK  [0m] Started Set console scheme.
[[0;32m  OK  [0m] Created slice system-getty.slice.
[[0;32m  OK  [0m] Started Getty on tty1.
[[0;32m  OK  [0m] Reached target Login Prompts.
[[0;32m  OK  [0m] Started LSB: automatic crash report generation.
[[0;32m  OK  [0m] Started LSB: Record successful boot for GRUB.
[[0;32m  OK  [0m] Started LXD - container startup/shutdown.
[[0;32m  OK  [0m] Started Virtualbox guest utils.
[[0;32m  OK  [0m] Started Dispatcher daemon for systemd-networkd.
[[0;32m  OK  [0m] Started Snap Daemon.
         Starting Wait until snapd is fully seeded...
         Starting Time & Date Service...
[[0;32m  OK  [0m] Started Time & Date Service.

Ubuntu 18.04.6 LTS ubuntu-bionic ttyS0

ubuntu-bionic login: [   31.559366] cloud-init[1835]: Cloud-init v. 23.1.2-0ubuntu0~18.04.1 running 'modules:config' at Fri, 15 Dec 2023 14:28:30 +0000. Up 31.03 seconds.
ci-info: no authorized SSH keys fingerprints found for user ubuntu.
<14>Dec 15 14:28:32 cloud-init: #############################################################
<14>Dec 15 14:28:32 cloud-init: -----BEGIN SSH HOST KEY FINGERPRINTS-----
<14>Dec 15 14:28:32 cloud-init: 1024 SHA256:z2mpAlBz6WullcMT+9zy3kLM0KcPEJRflQk71dWYzlE root@ubuntu-bionic (DSA)
<14>Dec 15 14:28:32 cloud-init: 256 SHA256:SRj+36pYeOFakN0c8jCQBmBwLTj/68fq0N48daZCrE0 root@ubuntu-bionic (ECDSA)
<14>Dec 15 14:28:32 cloud-init: 256 SHA256:rIwhXsVkAr8E9zfr/Q1NXdgCvL9hKAcdPCwmYLmxo8E root@ubuntu-bionic (ED25519)
<14>Dec 15 14:28:32 cloud-init: 2048 SHA256:3reqSCF2HjNWdUo8z/OpX4aY1usrw3mH8DNiGPfYbkI root@ubuntu-bionic (RSA)
<14>Dec 15 14:28:32 cloud-init: -----END SSH HOST KEY FINGERPRINTS-----
<14>Dec 15 14:28:32 cloud-init: #############################################################
-----BEGIN SSH HOST KEY KEYS-----
ecdsa-sha2-nistp256 AAAAE2VjZHNhLXNoYTItbmlzdHAyNTYAAAAIbmlzdHAyNTYAAABBBJIKjzPJ29zn7JZkla0NvAxTMmu155469TK6X2Tni9wrdm6ZnRky1Lpzp24H4VoSKKE1M3xa7WuF63c9bHIYlCM= root@ubuntu-bionic
ssh-ed25519 AAAAC3NzaC1lZDI1NTE5AAAAIEqc6QCN3QQ5muZDLegeIekX9r+gz4rQbzlk5QGiN7vj root@ubuntu-bionic
ssh-rsa AAAAB3NzaC1yc2EAAAADAQABAAABAQCmP/0pXzm3VHYvwDFiQi+FP+K4hvr9BxtysxBd1reE9fpI2A8wRLRc6smpS1kzcDo1RrJtVhPHOwiVzUMuprRx1A7X47c88wLuNK5ZyXGItCi6661tYwwmRog5B9KP8LZojNwLjSjOc42mJOYDOFW+zi1vU7Z7+1HdUjBbEeqACLoZdNMkhZjdXDqcBgnV9/Kf0Pf5lGloRGOQxmJRpmkYFLR7S9l9x5q6FFp0OEc0i1hOd+8dmIYn/uVow6SwjeP7+x56JIJw+yhfsqU6r1L3ijE77awV1jUGJer1HpcU1sQkjeYz7lWo35Di8UB2y1O+3FCC+PqzWP6b3GQvY2s7 root@ubuntu-bionic
-----END SSH HOST KEY KEYS-----
[   32.491903] cloud-init[1954]: Cloud-init v. 23.1.2-0ubuntu0~18.04.1 running 'modules:final' at Fri, 15 Dec 2023 14:28:31 +0000. Up 32.24 seconds.
[   32.492092] cloud-init[1954]: Cloud-init v. 23.1.2-0ubuntu0~18.04.1 finished at Fri, 15 Dec 2023 14:28:32 +0000. Datasource DataSourceNoCloud [seed=/dev/sdb][dsmode=net].  Up 32.48 seconds
